<?xml version="1.0" encoding="UTF-8"?>
<!-- Generated by org.testng.reporters.JUnitReportReporter -->
<testsuite hostname="RYSUN0193" failures="0" tests="1" name="com.rysun.CucumberOption.TestNGRunner" time="26.317" errors="0" timestamp="2024-05-10T12:56:13 IST" skipped="0">
  <testcase classname="com.rysun.CucumberOption.TestNGRunner" name="runScenario" time="26.317"/>
</testsuite> <!-- com.rysun.CucumberOption.TestNGRunner -->
